<?xml version="1.0" encoding="UTF-8"?>
<testng-results skipped="0" failed="0" ignored="0" total="1" passed="1">
  <reporter-output>
  </reporter-output>
  <suite name="Suite" duration-ms="35653" started-at="2021-04-16T22:29:02 IST" finished-at="2021-04-16T22:29:38 IST">
    <groups>
    </groups>
    <test name="Test" duration-ms="35653" started-at="2021-04-16T22:29:02 IST" finished-at="2021-04-16T22:29:38 IST">
      <class name="Scripts.verifyloginPage">
        <test-method status="PASS" signature="preCondition()[pri:0, instance:Scripts.verifyloginPage@43814d18]" name="preCondition" is-config="true" duration-ms="13150" started-at="2021-04-16T22:29:02 IST" finished-at="2021-04-16T22:29:15 IST">
          <reporter-output>
          </reporter-output>
        </test-method> <!-- preCondition -->
        <test-method status="PASS" signature="verifyLogin()[pri:0, instance:Scripts.verifyloginPage@43814d18]" name="verifyLogin" duration-ms="18425" started-at="2021-04-16T22:29:15 IST" finished-at="2021-04-16T22:29:34 IST">
          <reporter-output>
          </reporter-output>
        </test-method> <!-- verifyLogin -->
        <test-method status="PASS" signature="postCondition()[pri:0, instance:Scripts.verifyloginPage@43814d18]" name="postCondition" is-config="true" duration-ms="4023" started-at="2021-04-16T22:29:34 IST" finished-at="2021-04-16T22:29:38 IST">
          <reporter-output>
          </reporter-output>
        </test-method> <!-- postCondition -->
      </class> <!-- Scripts.verifyloginPage -->
    </test> <!-- Test -->
  </suite> <!-- Suite -->
</testng-results>
